<?xml version="1.0" encoding="UTF-8"?>
<testng-results ignored="0" total="1" passed="1" failed="0" skipped="0">
  <reporter-output>
  </reporter-output>
  <suite started-at="2024-07-22T23:01:33 CEST" name="Suite" finished-at="2024-07-22T23:01:42 CEST" duration-ms="9232">
    <groups>
    </groups>
    <test started-at="2024-07-22T23:01:33 CEST" name="Test" finished-at="2024-07-22T23:01:42 CEST" duration-ms="9232">
      <class name="com.todods.tests.AddTodoTest">
        <test-method is-config="true" signature="setupTest(java.lang.String)[pri:0, instance:com.todods.tests.AddTodoTest@20deea7f]" started-at="2024-07-22T23:01:33 CEST" name="setupTest" finished-at="2024-07-22T23:01:35 CEST" duration-ms="2612" status="PASS">
          <params>
            <param index="0">
              <value>
                <![CDATA[chrome]]>
              </value>
            </param>
          </params>
          <reporter-output>
          </reporter-output>
        </test-method> <!-- setupTest -->
        <test-method signature="iCanAddTodo()[pri:0, instance:com.todods.tests.AddTodoTest@20deea7f]" started-at="2024-07-22T23:01:36 CEST" name="iCanAddTodo" finished-at="2024-07-22T23:01:42 CEST" duration-ms="6390" status="PASS">
          <reporter-output>
          </reporter-output>
        </test-method> <!-- iCanAddTodo -->
        <test-method is-config="true" signature="tearDown()[pri:0, instance:com.todods.tests.AddTodoTest@20deea7f]" started-at="2024-07-22T23:01:42 CEST" name="tearDown" finished-at="2024-07-22T23:01:42 CEST" duration-ms="192" status="PASS">
          <reporter-output>
          </reporter-output>
        </test-method> <!-- tearDown -->
      </class> <!-- com.todods.tests.AddTodoTest -->
    </test> <!-- Test -->
  </suite> <!-- Suite -->
</testng-results>
